<?xml version="1.0" encoding="UTF-8"?>
<coverage generated="1741154997694" clover="3.2.0">
  <project timestamp="1741154997694" name="All files">
    <metrics statements="12" coveredstatements="12" conditionals="9" coveredconditionals="8" methods="8" coveredmethods="8" elements="29" coveredelements="28" complexity="0" loc="12" ncloc="12" packages="3" files="4" classes="4"/>
    <package name="components">
      <metrics statements="8" coveredstatements="8" conditionals="6" coveredconditionals="6" methods="6" coveredmethods="6"/>
      <file name="TodoItem.tsx" path="D:\University\Semester5\SWT\group4-unit-test-lab2\src\components\TodoItem.tsx">
        <metrics statements="5" coveredstatements="5" conditionals="4" coveredconditionals="4" methods="4" coveredmethods="4"/>
        <line num="18" count="1" type="stmt"/>
        <line num="19" count="14" type="stmt"/>
        <line num="21" count="4" type="stmt"/>
        <line num="27" count="1" type="stmt"/>
        <line num="31" count="2" type="stmt"/>
      </file>
      <file name="TodoList.tsx" path="D:\University\Semester5\SWT\group4-unit-test-lab2\src\components\TodoList.tsx">
        <metrics statements="3" coveredstatements="3" conditionals="2" coveredconditionals="2" methods="2" coveredmethods="2"/>
        <line num="17" count="1" type="stmt"/>
        <line num="18" count="8" type="stmt"/>
        <line num="22" count="14" type="stmt"/>
      </file>
    </package>
    <package name="components.ui">
      <metrics statements="3" coveredstatements="3" conditionals="3" coveredconditionals="2" methods="1" coveredmethods="1"/>
      <file name="button.tsx" path="D:\University\Semester5\SWT\group4-unit-test-lab2\src\components\ui\button.tsx">
        <metrics statements="3" coveredstatements="3" conditionals="3" coveredconditionals="2" methods="1" coveredmethods="1"/>
        <line num="7" count="1" type="stmt"/>
        <line num="47" count="28" type="cond" truecount="1" falsecount="1"/>
        <line num="49" count="28" type="stmt"/>
      </file>
    </package>
    <package name="lib">
      <metrics statements="1" coveredstatements="1" conditionals="0" coveredconditionals="0" methods="1" coveredmethods="1"/>
      <file name="utils.ts" path="D:\University\Semester5\SWT\group4-unit-test-lab2\src\lib\utils.ts">
        <metrics statements="1" coveredstatements="1" conditionals="0" coveredconditionals="0" methods="1" coveredmethods="1"/>
        <line num="5" count="28" type="stmt"/>
      </file>
    </package>
  </project>
</coverage>
