<?xml version="1.0" encoding="UTF-8"?>
<coverage generated="1741248075430" clover="3.2.0">
  <project timestamp="1741248075430" name="All files">
    <metrics statements="28" coveredstatements="28" conditionals="16" coveredconditionals="14" methods="9" coveredmethods="9" elements="53" coveredelements="51" complexity="0" loc="28" ncloc="28" packages="1" files="1" classes="1"/>
    <file name="useTodos.tsx" path="D:\University\Semester5\SWT\group4-unit-test-lab2\src\hooks\useTodos.tsx">
      <metrics statements="28" coveredstatements="28" conditionals="16" coveredconditionals="14" methods="9" coveredmethods="9"/>
      <line num="6" count="23" type="stmt"/>
      <line num="7" count="23" type="stmt"/>
      <line num="9" count="23" type="stmt"/>
      <line num="10" count="11" type="stmt"/>
      <line num="12" count="11" type="cond" truecount="2" falsecount="0"/>
      <line num="13" count="2" type="stmt"/>
      <line num="14" count="2" type="stmt"/>
      <line num="17" count="9" type="cond" truecount="2" falsecount="0"/>
      <line num="18" count="1" type="stmt"/>
      <line num="19" count="1" type="stmt"/>
      <line num="22" count="8" type="stmt"/>
      <line num="25" count="23" type="stmt"/>
      <line num="27" count="9" type="cond" truecount="2" falsecount="0"/>
      <line num="29" count="7" type="stmt"/>
      <line num="30" count="7" type="stmt"/>
      <line num="33" count="23" type="stmt"/>
      <line num="34" count="2" type="cond" truecount="1" falsecount="1"/>
      <line num="37" count="23" type="stmt"/>
      <line num="38" count="2" type="cond" truecount="2" falsecount="0"/>
      <line num="40" count="1" type="cond" truecount="1" falsecount="1"/>
      <line num="41" count="1" type="stmt"/>
      <line num="43" count="1" type="stmt"/>
      <line num="46" count="23" type="stmt"/>
      <line num="47" count="2" type="stmt"/>
      <line num="50" count="2" type="cond" truecount="4" falsecount="0"/>
      <line num="51" count="1" type="stmt"/>
      <line num="54" count="2" type="stmt"/>
      <line num="59" count="23" type="stmt"/>
    </file>
  </project>
</coverage>
