{"D:\\University\\Semester5\\SWT\\group4-unit-test-lab2\\src\\hooks\\useTodos.tsx": {"path":"D:\\University\\Semester5\\SWT\\group4-unit-test-lab2\\src\\hooks\\useTodos.tsx","statementMap":{"0":{"start":{"line":6,"column":30},"end":{"line":6,"column":50}},"1":{"start":{"line":7,"column":40},"end":{"line":7,"column":67}},"2":{"start":{"line":9,"column":26},"end":{"line":23,"column":5}},"3":{"start":{"line":10,"column":28},"end":{"line":10,"column":39}},"4":{"start":{"line":12,"column":8},"end":{"line":15,"column":9}},"5":{"start":{"line":13,"column":12},"end":{"line":13,"column":75}},"6":{"start":{"line":14,"column":12},"end":{"line":14,"column":25}},"7":{"start":{"line":17,"column":8},"end":{"line":20,"column":9}},"8":{"start":{"line":18,"column":12},"end":{"line":18,"column":92}},"9":{"start":{"line":19,"column":12},"end":{"line":19,"column":25}},"10":{"start":{"line":22,"column":8},"end":{"line":22,"column":20}},"11":{"start":{"line":25,"column":20},"end":{"line":31,"column":5}},"12":{"start":{"line":27,"column":8},"end":{"line":27,"column":41}},"13":{"start":{"line":27,"column":34},"end":{"line":27,"column":41}},"14":{"start":{"line":29,"column":8},"end":{"line":29,"column":79}},"15":{"start":{"line":30,"column":8},"end":{"line":30,"column":88}},"16":{"start":{"line":33,"column":23},"end":{"line":35,"column":5}},"17":{"start":{"line":34,"column":8},"end":{"line":34,"column":103}},"18":{"start":{"line":34,"column":36},"end":{"line":34,"column":99}},"19":{"start":{"line":37,"column":21},"end":{"line":44,"column":5}},"20":{"start":{"line":38,"column":8},"end":{"line":38,"column":52}},"21":{"start":{"line":38,"column":45},"end":{"line":38,"column":52}},"22":{"start":{"line":40,"column":8},"end":{"line":40,"column":87}},"23":{"start":{"line":40,"column":36},"end":{"line":40,"column":83}},"24":{"start":{"line":41,"column":8},"end":{"line":41,"column":28}},"25":{"start":{"line":43,"column":8},"end":{"line":43,"column":90}},"26":{"start":{"line":46,"column":23},"end":{"line":56,"column":5}},"27":{"start":{"line":47,"column":8},"end":{"line":47,"column":55}},"28":{"start":{"line":47,"column":38},"end":{"line":47,"column":52}},"29":{"start":{"line":50,"column":8},"end":{"line":52,"column":9}},"30":{"start":{"line":51,"column":12},"end":{"line":51,"column":32}},"31":{"start":{"line":54,"column":8},"end":{"line":54,"column":69}},"32":{"start":{"line":59,"column":4},"end":{"line":59,"column":91}}},"fnMap":{"0":{"name":"useTodos","decl":{"start":{"line":5,"column":16},"end":{"line":5,"column":24}},"loc":{"start":{"line":5,"column":27},"end":{"line":60,"column":1}},"line":5},"1":{"name":"(anonymous_1)","decl":{"start":{"line":9,"column":26},"end":{"line":9,"column":27}},"loc":{"start":{"line":9,"column":53},"end":{"line":23,"column":5}},"line":9},"2":{"name":"(anonymous_2)","decl":{"start":{"line":25,"column":20},"end":{"line":25,"column":21}},"loc":{"start":{"line":25,"column":38},"end":{"line":31,"column":5}},"line":25},"3":{"name":"(anonymous_3)","decl":{"start":{"line":33,"column":23},"end":{"line":33,"column":24}},"loc":{"start":{"line":33,"column":39},"end":{"line":35,"column":5}},"line":33},"4":{"name":"(anonymous_4)","decl":{"start":{"line":34,"column":27},"end":{"line":34,"column":28}},"loc":{"start":{"line":34,"column":36},"end":{"line":34,"column":99}},"line":34},"5":{"name":"(anonymous_5)","decl":{"start":{"line":37,"column":21},"end":{"line":37,"column":22}},"loc":{"start":{"line":37,"column":44},"end":{"line":44,"column":5}},"line":37},"6":{"name":"(anonymous_6)","decl":{"start":{"line":40,"column":27},"end":{"line":40,"column":28}},"loc":{"start":{"line":40,"column":36},"end":{"line":40,"column":83}},"line":40},"7":{"name":"(anonymous_7)","decl":{"start":{"line":46,"column":23},"end":{"line":46,"column":24}},"loc":{"start":{"line":46,"column":39},"end":{"line":56,"column":5}},"line":46},"8":{"name":"(anonymous_8)","decl":{"start":{"line":47,"column":30},"end":{"line":47,"column":31}},"loc":{"start":{"line":47,"column":38},"end":{"line":47,"column":52}},"line":47}},"branchMap":{"0":{"loc":{"start":{"line":12,"column":8},"end":{"line":15,"column":9}},"type":"if","locations":[{"start":{"line":12,"column":8},"end":{"line":15,"column":9}},{"start":{},"end":{}}],"line":12},"1":{"loc":{"start":{"line":17,"column":8},"end":{"line":20,"column":9}},"type":"if","locations":[{"start":{"line":17,"column":8},"end":{"line":20,"column":9}},{"start":{},"end":{}}],"line":17},"2":{"loc":{"start":{"line":27,"column":8},"end":{"line":27,"column":41}},"type":"if","locations":[{"start":{"line":27,"column":8},"end":{"line":27,"column":41}},{"start":{},"end":{}}],"line":27},"3":{"loc":{"start":{"line":34,"column":36},"end":{"line":34,"column":99}},"type":"cond-expr","locations":[{"start":{"line":34,"column":53},"end":{"line":34,"column":92}},{"start":{"line":34,"column":95},"end":{"line":34,"column":99}}],"line":34},"4":{"loc":{"start":{"line":38,"column":8},"end":{"line":38,"column":52}},"type":"if","locations":[{"start":{"line":38,"column":8},"end":{"line":38,"column":52}},{"start":{},"end":{}}],"line":38},"5":{"loc":{"start":{"line":40,"column":36},"end":{"line":40,"column":83}},"type":"cond-expr","locations":[{"start":{"line":40,"column":65},"end":{"line":40,"column":76}},{"start":{"line":40,"column":79},"end":{"line":40,"column":83}}],"line":40},"6":{"loc":{"start":{"line":50,"column":8},"end":{"line":52,"column":9}},"type":"if","locations":[{"start":{"line":50,"column":8},"end":{"line":52,"column":9}},{"start":{},"end":{}}],"line":50},"7":{"loc":{"start":{"line":50,"column":12},"end":{"line":50,"column":46}},"type":"binary-expr","locations":[{"start":{"line":50,"column":12},"end":{"line":50,"column":22}},{"start":{"line":50,"column":26},"end":{"line":50,"column":46}}],"line":50}},"s":{"0":23,"1":23,"2":23,"3":11,"4":11,"5":2,"6":2,"7":9,"8":1,"9":1,"10":8,"11":23,"12":9,"13":2,"14":7,"15":7,"16":23,"17":2,"18":2,"19":23,"20":2,"21":1,"22":1,"23":1,"24":1,"25":1,"26":23,"27":2,"28":2,"29":2,"30":1,"31":2,"32":23},"f":{"0":23,"1":11,"2":9,"3":2,"4":2,"5":2,"6":1,"7":2,"8":2},"b":{"0":[2,9],"1":[1,8],"2":[2,7],"3":[2,0],"4":[1,1],"5":[1,0],"6":[1,1],"7":[2,1]},"_coverageSchema":"1a1c01bbd47fc00a2c39e90264f33305004495a9","hash":"38f4c6ae4ddeef862515bb61cc68368ae69bb94b"}
}
