{"D:\\University\\Semester5\\SWT\\group4-unit-test-lab2\\src\\components\\TodoItem.tsx": {"path":"D:\\University\\Semester5\\SWT\\group4-unit-test-lab2\\src\\components\\TodoItem.tsx","statementMap":{"0":{"start":{"line":18,"column":42},"end":{"line":37,"column":1}},"1":{"start":{"line":19,"column":4},"end":{"line":36,"column":6}},"2":{"start":{"line":21,"column":77},"end":{"line":21,"column":94}},"3":{"start":{"line":27,"column":67},"end":{"line":27,"column":79}},"4":{"start":{"line":31,"column":67},"end":{"line":31,"column":84}}},"fnMap":{"0":{"name":"(anonymous_0)","decl":{"start":{"line":18,"column":42},"end":{"line":18,"column":43}},"loc":{"start":{"line":18,"column":84},"end":{"line":37,"column":1}},"line":18},"1":{"name":"(anonymous_1)","decl":{"start":{"line":21,"column":71},"end":{"line":21,"column":72}},"loc":{"start":{"line":21,"column":77},"end":{"line":21,"column":94}},"line":21},"2":{"name":"(anonymous_2)","decl":{"start":{"line":27,"column":61},"end":{"line":27,"column":62}},"loc":{"start":{"line":27,"column":67},"end":{"line":27,"column":79}},"line":27},"3":{"name":"(anonymous_3)","decl":{"start":{"line":31,"column":61},"end":{"line":31,"column":62}},"loc":{"start":{"line":31,"column":67},"end":{"line":31,"column":84}},"line":31}},"branchMap":{"0":{"loc":{"start":{"line":22,"column":17},"end":{"line":22,"column":115}},"type":"cond-expr","locations":[{"start":{"line":22,"column":34},"end":{"line":22,"column":76}},{"start":{"line":22,"column":79},"end":{"line":22,"column":115}}],"line":22},"1":{"loc":{"start":{"line":23,"column":41},"end":{"line":23,"column":104}},"type":"cond-expr","locations":[{"start":{"line":23,"column":58},"end":{"line":23,"column":86}},{"start":{"line":23,"column":89},"end":{"line":23,"column":104}}],"line":23}},"s":{"0":1,"1":14,"2":4,"3":1,"4":2},"f":{"0":14,"1":4,"2":1,"3":2},"b":{"0":[7,7],"1":[7,7]},"_coverageSchema":"1a1c01bbd47fc00a2c39e90264f33305004495a9","hash":"10ae758ae2517cb3f1a2bedb21705dace9ef38bc"}
,"D:\\University\\Semester5\\SWT\\group4-unit-test-lab2\\src\\components\\TodoList.tsx": {"path":"D:\\University\\Semester5\\SWT\\group4-unit-test-lab2\\src\\components\\TodoList.tsx","statementMap":{"0":{"start":{"line":17,"column":42},"end":{"line":31,"column":1}},"1":{"start":{"line":18,"column":4},"end":{"line":30,"column":6}},"2":{"start":{"line":22,"column":20},"end":{"line":22,"column":114}}},"fnMap":{"0":{"name":"(anonymous_0)","decl":{"start":{"line":17,"column":42},"end":{"line":17,"column":43}},"loc":{"start":{"line":17,"column":85},"end":{"line":31,"column":1}},"line":17},"1":{"name":"(anonymous_1)","decl":{"start":{"line":21,"column":26},"end":{"line":21,"column":27}},"loc":{"start":{"line":22,"column":20},"end":{"line":22,"column":114}},"line":22}},"branchMap":{"0":{"loc":{"start":{"line":20,"column":13},"end":{"line":28,"column":13}},"type":"cond-expr","locations":[{"start":{"line":21,"column":16},"end":{"line":23,"column":18}},{"start":{"line":25,"column":16},"end":{"line":27,"column":20}}],"line":20}},"s":{"0":1,"1":8,"2":14},"f":{"0":8,"1":14},"b":{"0":[7,1]},"_coverageSchema":"1a1c01bbd47fc00a2c39e90264f33305004495a9","hash":"b89f546f48dfaec77a8794aa53ebe7191213f480"}
,"D:\\University\\Semester5\\SWT\\group4-unit-test-lab2\\src\\components\\ui\\button.tsx": {"path":"D:\\University\\Semester5\\SWT\\group4-unit-test-lab2\\src\\components\\ui\\button.tsx","statementMap":{"0":{"start":{"line":7,"column":23},"end":{"line":35,"column":1}},"1":{"start":{"line":47,"column":15},"end":{"line":47,"column":40}},"2":{"start":{"line":49,"column":2},"end":{"line":55,"column":3}}},"fnMap":{"0":{"name":"Button","decl":{"start":{"line":37,"column":9},"end":{"line":37,"column":15}},"loc":{"start":{"line":46,"column":5},"end":{"line":56,"column":1}},"line":46}},"branchMap":{"0":{"loc":{"start":{"line":41,"column":2},"end":{"line":41,"column":17}},"type":"default-arg","locations":[{"start":{"line":41,"column":12},"end":{"line":41,"column":17}}],"line":41},"1":{"loc":{"start":{"line":47,"column":15},"end":{"line":47,"column":40}},"type":"cond-expr","locations":[{"start":{"line":47,"column":25},"end":{"line":47,"column":29}},{"start":{"line":47,"column":32},"end":{"line":47,"column":40}}],"line":47}},"s":{"0":1,"1":28,"2":28},"f":{"0":28},"b":{"0":[28],"1":[0,28]},"_coverageSchema":"1a1c01bbd47fc00a2c39e90264f33305004495a9","hash":"9c667c04bc6fa0bc95d4e5cd9ee6a772cb2dc00c"}
,"D:\\University\\Semester5\\SWT\\group4-unit-test-lab2\\src\\lib\\utils.ts": {"path":"D:\\University\\Semester5\\SWT\\group4-unit-test-lab2\\src\\lib\\utils.ts","statementMap":{"0":{"start":{"line":5,"column":2},"end":{"line":5,"column":30}}},"fnMap":{"0":{"name":"cn","decl":{"start":{"line":4,"column":16},"end":{"line":4,"column":18}},"loc":{"start":{"line":4,"column":44},"end":{"line":6,"column":1}},"line":4}},"branchMap":{},"s":{"0":28},"f":{"0":28},"b":{},"_coverageSchema":"1a1c01bbd47fc00a2c39e90264f33305004495a9","hash":"e52cd1571d713069e830cd67a9679041e0db88cb"}
}
