TN:
SF:src\hooks\useTodos.tsx
FN:5,useTodos
FN:9,(anonymous_1)
FN:25,(anonymous_2)
FN:33,(anonymous_3)
FN:34,(anonymous_4)
FN:37,(anonymous_5)
FN:40,(anonymous_6)
FN:46,(anonymous_7)
FN:47,(anonymous_8)
FNF:9
FNH:9
FNDA:23,useTodos
FNDA:11,(anonymous_1)
FNDA:9,(anonymous_2)
FNDA:2,(anonymous_3)
FNDA:2,(anonymous_4)
FNDA:2,(anonymous_5)
FNDA:1,(anonymous_6)
FNDA:2,(anonymous_7)
FNDA:2,(anonymous_8)
DA:6,23
DA:7,23
DA:9,23
DA:10,11
DA:12,11
DA:13,2
DA:14,2
DA:17,9
DA:18,1
DA:19,1
DA:22,8
DA:25,23
DA:27,9
DA:29,7
DA:30,7
DA:33,23
DA:34,2
DA:37,23
DA:38,2
DA:40,1
DA:41,1
DA:43,1
DA:46,23
DA:47,2
DA:50,2
DA:51,1
DA:54,2
DA:59,23
LF:28
LH:28
BRDA:12,0,0,2
BRDA:12,0,1,9
BRDA:17,1,0,1
BRDA:17,1,1,8
BRDA:27,2,0,2
BRDA:27,2,1,7
BRDA:34,3,0,2
BRDA:34,3,1,0
BRDA:38,4,0,1
BRDA:38,4,1,1
BRDA:40,5,0,1
BRDA:40,5,1,0
BRDA:50,6,0,1
BRDA:50,6,1,1
BRDA:50,7,0,2
BRDA:50,7,1,1
BRF:16
BRH:14
end_of_record
