TN:
SF:src\components\TodoItem.tsx
FN:18,(anonymous_0)
FN:21,(anonymous_1)
FN:27,(anonymous_2)
FN:31,(anonymous_3)
FNF:4
FNH:4
FNDA:14,(anonymous_0)
FNDA:4,(anonymous_1)
FNDA:1,(anonymous_2)
FNDA:2,(anonymous_3)
DA:18,1
DA:19,14
DA:21,4
DA:27,1
DA:31,2
LF:5
LH:5
BRDA:22,0,0,7
BRDA:22,0,1,7
BRDA:23,1,0,7
BRDA:23,1,1,7
BRF:4
BRH:4
end_of_record
TN:
SF:src\components\TodoList.tsx
FN:17,(anonymous_0)
FN:21,(anonymous_1)
FNF:2
FNH:2
FNDA:8,(anonymous_0)
FNDA:14,(anonymous_1)
DA:17,1
DA:18,8
DA:22,14
LF:3
LH:3
BRDA:20,0,0,7
BRDA:20,0,1,1
BRF:2
BRH:2
end_of_record
TN:
SF:src\components\ui\button.tsx
FN:37,Button
FNF:1
FNH:1
FNDA:28,Button
DA:7,1
DA:47,28
DA:49,28
LF:3
LH:3
BRDA:41,0,0,28
BRDA:47,1,0,0
BRDA:47,1,1,28
BRF:3
BRH:2
end_of_record
TN:
SF:src\lib\utils.ts
FN:4,cn
FNF:1
FNH:1
FNDA:28,cn
DA:5,28
LF:1
LH:1
BRF:0
BRH:0
end_of_record
